2021-12-08 15:54:36.612-0500 [main] INFO io.javalin.Javalin - 
           __                      __ _
          / /____ _ _   __ ____ _ / /(_)____
     __  / // __ `/| | / // __ `// // // __ \
    / /_/ // /_/ / | |/ // /_/ // // // / / /
    \____/ \__,_/  |___/ \__,_//_//_//_/ /_/

        https://javalin.io/documentation

2021-12-08 15:54:36.629-0500 [main] INFO org.eclipse.jetty.util.log - Logging initialized @349ms to org.eclipse.jetty.util.log.Slf4jLog
2021-12-08 15:54:36.630-0500 [main] INFO io.javalin.Javalin - Starting Javalin ...
2021-12-08 15:54:36.786-0500 [main] INFO io.javalin.Javalin - Listening on http://localhost:7789/
2021-12-08 15:54:36.787-0500 [main] INFO io.javalin.Javalin - Javalin started in 158ms \o/
2021-12-08 15:54:36.790-0500 [main] INFO com.appfire.web.cli.helpers.WebHelper - pid: 922849
2021-12-08 15:54:36.792-0500 [main] INFO com.appfire.web.cli.helpers.WebHelper - web stop enabled: true
2021-12-08 15:54:36.792-0500 [main] INFO com.appfire.web.cli.helpers.WebHelper - log: /secondary/calcium/catapult/installers/atlassian-cli-10.0.0/logs/service-2021-12-08.log
2021-12-08 15:54:36.793-0500 [main] INFO com.appfire.web.cli.helpers.WebHelper - script directory: .
2021-12-08 15:54:36.825-0500 [main] INFO com.appfire.web.cli.helpers.WebHelper - This is the managed service.
2021-12-08 15:54:36.835-0500 [main] INFO com.appfire.web.cli.helpers.WebHelper - 
Client information
Client name . . . . . . . . . : web
Client version  . . . . . . . : 10.0.0
Client description  . . . . . : Client for simple web requests and managing ACLI web server.
Client usage  . . . . . . . . : Use to manage the ACLI web server and make simple web requests like webhook calls or simulate webhook calls. The ACLI web server can be used for handling webhooks and other related services.
Client build date . . . . . . : 2021-12-04T11:33:02
Client build revision . . . . : 76ec04ac38bced62b0c9deb69aeb1ddbe8640d6d
Client build JDK  . . . . . . : 11.0.11
Client Java compatibility . . : 11
OS name . . . . . . . . . . . : Linux
OS version  . . . . . . . . . : 5.4.0-88-generic
Java name . . . . . . . . . . : OpenJDK 64-Bit Server VM
Java version  . . . . . . . . : 11.0.11
Java locale . . . . . . . . . : en_US
Java arguments  . . . . . . . : -Dorg.slf4j.simpleLogger.defaultLogLevel=info, -Dorg.slf4j.simpleLogger.showDateTime=true, -Dorg.slf4j.simpleLogger.dateTimeFormat=yyyy-MM-dd HH:mm:ss.SSSZ
Used memory (MB)  . . . . . . : 12
Free memory (MB)  . . . . . . : 489
Total memory (MB) . . . . . . : 502
Max memory (MB) . . . . . . . : 7952
Default encoding  . . . . . . : UTF-8
Site configuration  . . . . . : 
  File  . . . . . . . . . . . : /secondary/calcium/catapult/installers/atlassian-cli-10.0.0/acli.properties (not found)
Service configuration . . . . : 
  File  . . . . . . . . . . . : /secondary/calcium/catapult/installers/atlassian-cli-10.0.0/acli-service.properties
  Action logging  . . . . . . : No
  Share analytics . . . . . . : Yes
  Installation id . . . . . . : acecf2f6-f130-4292-9cea-739e1bd4adb2
  Log service URL . . . . . . : http://127.0.0.1:7789/acli/log
  Address pattern for run . . : 127.0.0.1
  Port  . . . . . . . . . . . : 7789
  Log directory . . . . . . . : /secondary/calcium/catapult/installers/atlassian-cli-10.0.0/logs
  Active  . . . . . . . . . . : Yes

File monitoring has started.
2021-12-08 15:54:36.895-0500 [qtp1182461167-29] INFO com.appfire.web.cli.helpers.WebHelper - Post request received for /acli/log.
2021-12-08 15:54:37.518-0500 [qtp1182461167-16] INFO com.appfire.web.cli.helpers.WebHelper - Post request received for /acli/log.
2021-12-08 15:54:38.610-0500 [qtp1182461167-17] INFO com.appfire.web.cli.helpers.WebHelper - Post request received for /acli/log.
2021-12-08 15:54:39.446-0500 [qtp1182461167-19] INFO com.appfire.web.cli.helpers.WebHelper - Post request received for /acli/log.
2021-12-08 15:54:40.134-0500 [qtp1182461167-30] INFO com.appfire.web.cli.helpers.WebHelper - Post request received for /acli/log.
2021-12-08 15:54:43.511-0500 [qtp1182461167-19] INFO com.appfire.web.cli.helpers.WebHelper - Post request received for /acli/log.
2021-12-08 15:55:55.963-0500 [qtp1182461167-30] INFO com.appfire.web.cli.helpers.WebHelper - Post request received for /acli/log.
2021-12-08 15:55:56.871-0500 [qtp1182461167-19] INFO com.appfire.web.cli.helpers.WebHelper - Post request received for /acli/log.
2021-12-08 15:55:57.671-0500 [qtp1182461167-30] INFO com.appfire.web.cli.helpers.WebHelper - Post request received for /acli/log.
2021-12-08 15:55:58.399-0500 [qtp1182461167-19] INFO com.appfire.web.cli.helpers.WebHelper - Post request received for /acli/log.
2021-12-08 15:55:58.931-0500 [qtp1182461167-30] INFO com.appfire.web.cli.helpers.WebHelper - Post request received for /acli/log.
2021-12-08 15:55:59.885-0500 [qtp1182461167-19] INFO com.appfire.web.cli.helpers.WebHelper - Post request received for /acli/log.
2021-12-08 15:56:00.833-0500 [qtp1182461167-30] INFO com.appfire.web.cli.helpers.WebHelper - Post request received for /acli/log.
2021-12-08 15:56:02.471-0500 [qtp1182461167-19] INFO com.appfire.web.cli.helpers.WebHelper - Post request received for /acli/log.
2021-12-08 15:56:03.674-0500 [qtp1182461167-30] INFO com.appfire.web.cli.helpers.WebHelper - Post request received for /acli/log.
2021-12-08 15:56:05.935-0500 [qtp1182461167-19] INFO com.appfire.web.cli.helpers.WebHelper - Post request received for /acli/log.
2021-12-08 15:56:06.807-0500 [qtp1182461167-30] INFO com.appfire.web.cli.helpers.WebHelper - Post request received for /acli/log.
2021-12-08 15:56:07.494-0500 [qtp1182461167-19] INFO com.appfire.web.cli.helpers.WebHelper - Post request received for /acli/log.
2021-12-08 15:56:08.853-0500 [qtp1182461167-30] INFO com.appfire.web.cli.helpers.WebHelper - Post request received for /acli/log.
2021-12-08 15:56:09.935-0500 [qtp1182461167-19] INFO com.appfire.web.cli.helpers.WebHelper - Post request received for /acli/log.
2021-12-08 15:56:11.303-0500 [qtp1182461167-30] INFO com.appfire.web.cli.helpers.WebHelper - Post request received for /acli/log.
2021-12-08 15:56:12.325-0500 [qtp1182461167-19] INFO com.appfire.web.cli.helpers.WebHelper - Post request received for /acli/log.
2021-12-08 15:56:13.581-0500 [qtp1182461167-30] INFO com.appfire.web.cli.helpers.WebHelper - Post request received for /acli/log.
2021-12-08 15:56:14.719-0500 [qtp1182461167-19] INFO com.appfire.web.cli.helpers.WebHelper - Post request received for /acli/log.
2021-12-08 15:56:16.748-0500 [qtp1182461167-30] INFO com.appfire.web.cli.helpers.WebHelper - Post request received for /acli/log.
2021-12-08 15:56:17.511-0500 [qtp1182461167-19] INFO com.appfire.web.cli.helpers.WebHelper - Post request received for /acli/log.
2021-12-08 15:56:18.121-0500 [qtp1182461167-30] INFO com.appfire.web.cli.helpers.WebHelper - Post request received for /acli/log.
2021-12-08 15:56:19.324-0500 [qtp1182461167-19] INFO com.appfire.web.cli.helpers.WebHelper - Post request received for /acli/log.
2021-12-08 15:56:20.385-0500 [qtp1182461167-30] INFO com.appfire.web.cli.helpers.WebHelper - Post request received for /acli/log.
2021-12-08 15:56:22.124-0500 [qtp1182461167-19] INFO com.appfire.web.cli.helpers.WebHelper - Post request received for /acli/log.
2021-12-08 15:56:23.798-0500 [qtp1182461167-30] INFO com.appfire.web.cli.helpers.WebHelper - Post request received for /acli/log.
2021-12-08 15:56:25.626-0500 [qtp1182461167-19] INFO com.appfire.web.cli.helpers.WebHelper - Post request received for /acli/log.
2021-12-08 15:56:27.014-0500 [qtp1182461167-30] INFO com.appfire.web.cli.helpers.WebHelper - Post request received for /acli/log.
2021-12-08 15:56:29.927-0500 [qtp1182461167-19] INFO com.appfire.web.cli.helpers.WebHelper - Post request received for /acli/log.
2021-12-08 15:56:30.718-0500 [qtp1182461167-14] INFO com.appfire.web.cli.helpers.WebHelper - Post request received for /acli/log.
2021-12-08 15:56:31.378-0500 [qtp1182461167-19] INFO com.appfire.web.cli.helpers.WebHelper - Post request received for /acli/log.
2021-12-08 15:56:32.704-0500 [qtp1182461167-14] INFO com.appfire.web.cli.helpers.WebHelper - Post request received for /acli/log.
2021-12-08 15:56:33.715-0500 [qtp1182461167-19] INFO com.appfire.web.cli.helpers.WebHelper - Post request received for /acli/log.
2021-12-08 15:56:34.973-0500 [qtp1182461167-14] INFO com.appfire.web.cli.helpers.WebHelper - Post request received for /acli/log.
2021-12-08 15:56:36.025-0500 [qtp1182461167-19] INFO com.appfire.web.cli.helpers.WebHelper - Post request received for /acli/log.
2021-12-08 15:56:36.862-0500 [qtp1182461167-14] INFO com.appfire.web.cli.helpers.WebHelper - Post request received for /acli/log.
2021-12-08 15:56:38.624-0500 [qtp1182461167-19] INFO com.appfire.web.cli.helpers.WebHelper - Post request received for /acli/log.
2021-12-08 15:56:39.403-0500 [qtp1182461167-14] INFO com.appfire.web.cli.helpers.WebHelper - Post request received for /acli/log.
2021-12-08 15:56:40.076-0500 [qtp1182461167-19] INFO com.appfire.web.cli.helpers.WebHelper - Post request received for /acli/log.
2021-12-08 15:56:41.820-0500 [qtp1182461167-14] INFO com.appfire.web.cli.helpers.WebHelper - Post request received for /acli/log.
2021-12-08 15:56:42.870-0500 [qtp1182461167-19] INFO com.appfire.web.cli.helpers.WebHelper - Post request received for /acli/log.
2021-12-08 15:56:44.097-0500 [qtp1182461167-14] INFO com.appfire.web.cli.helpers.WebHelper - Post request received for /acli/log.
2021-12-08 15:56:45.185-0500 [qtp1182461167-19] INFO com.appfire.web.cli.helpers.WebHelper - Post request received for /acli/log.
2021-12-08 15:56:47.043-0500 [qtp1182461167-14] INFO com.appfire.web.cli.helpers.WebHelper - Post request received for /acli/log.
2021-12-08 15:56:47.878-0500 [qtp1182461167-19] INFO com.appfire.web.cli.helpers.WebHelper - Post request received for /acli/log.
2021-12-08 15:56:48.498-0500 [qtp1182461167-14] INFO com.appfire.web.cli.helpers.WebHelper - Post request received for /acli/log.
2021-12-08 15:56:49.741-0500 [qtp1182461167-19] INFO com.appfire.web.cli.helpers.WebHelper - Post request received for /acli/log.
2021-12-08 15:56:50.794-0500 [qtp1182461167-14] INFO com.appfire.web.cli.helpers.WebHelper - Post request received for /acli/log.
2021-12-08 15:56:52.109-0500 [qtp1182461167-19] INFO com.appfire.web.cli.helpers.WebHelper - Post request received for /acli/log.
2021-12-08 15:56:53.122-0500 [qtp1182461167-14] INFO com.appfire.web.cli.helpers.WebHelper - Post request received for /acli/log.
2021-12-08 15:56:54.912-0500 [qtp1182461167-19] INFO com.appfire.web.cli.helpers.WebHelper - Post request received for /acli/log.
2021-12-08 15:56:55.762-0500 [qtp1182461167-14] INFO com.appfire.web.cli.helpers.WebHelper - Post request received for /acli/log.
2021-12-08 15:56:56.460-0500 [qtp1182461167-19] INFO com.appfire.web.cli.helpers.WebHelper - Post request received for /acli/log.
